# JRE version: OpenJDK Runtime Environment (24.0.2+12) (build 24.0.2+12-54)
# Java VM: OpenJDK 64-Bit Server VM (24.0.2+12-54, mixed mode, sharing, tiered, compressed oops, compressed class ptrs, g1 gc, bsd-aarch64)
Heap:
 garbage-first heap   total reserved 4718592K, committed 299008K, used 182703K [0x00000006e0000000, 0x0000000800000000)
  region size 4096K, 21 young (86016K), 1 survivors (4096K)
 Metaspace       used 8240K, committed 8448K, reserved 1114112K
  class space    used 685K, committed 768K, reserved 1048576K
GC Heap History (18 events):
Event: 0.463 GC heap before
{Heap before GC invocations=0 (full 0):
 garbage-first heap   total reserved 4718592K, committed 299008K, used 144478K [0x00000006e0000000, 0x0000000800000000)
  region size 4096K, 12 young (49152K), 0 survivors (0K)
 Metaspace       used 7358K, committed 7616K, reserved 1114112K
  class space    used 643K, committed 768K, reserved 1048576K
}
Event: 0.464 GC heap after
{Heap after GC invocations=1 (full 0):
 garbage-first heap   total reserved 4718592K, committed 299008K, used 109109K [0x00000006e0000000, 0x0000000800000000)
  region size 4096K, 2 young (8192K), 2 survivors (8192K)
 Metaspace       used 7358K, committed 7616K, reserved 1114112K
  class space    used 643K, committed 768K, reserved 1048576K
}
Event: 3.650 GC heap before
{Heap before GC invocations=1 (full 0):
 garbage-first heap   total reserved 4718592K, committed 299008K, used 186933K [0x00000006e0000000, 0x0000000800000000)
  region size 4096K, 22 young (90112K), 2 survivors (8192K)
 Metaspace       used 7814K, committed 8064K, reserved 1114112K
  class space    used 674K, committed 768K, reserved 1048576K
}
Event: 3.653 GC heap after
{Heap after GC invocations=2 (full 0):
 garbage-first heap   total reserved 4718592K, committed 299008K, used 103333K [0x00000006e0000000, 0x0000000800000000)
  region size 4096K, 1 young (4096K), 1 survivors (4096K)
 Metaspace       used 7814K, committed 8064K, reserved 1114112K
  class space    used 674K, committed 768K, reserved 1048576K
}
Event: 778.194 GC heap before
{Heap before GC invocations=2 (full 0):
 garbage-first heap   total reserved 4718592K, committed 299008K, used 201637K [0x00000006e0000000, 0x0000000800000000)
  region size 4096K, 25 young (102400K), 1 survivors (4096K)
 Metaspace       used 8240K, committed 8448K, reserved 1114112K
  class space    used 685K, committed 768K, reserved 1048576K
}
Event: 778.206 GC heap after
{Heap after GC invocations=3 (full 0):
 garbage-first heap   total reserved 4718592K, committed 299008K, used 106325K [0x00000006e0000000, 0x0000000800000000)
  region size 4096K, 2 young (8192K), 2 survivors (8192K)
 Metaspace       used 8240K, committed 8448K, reserved 1114112K
  class space    used 685K, committed 768K, reserved 1048576K
}
Event: 1663.026 GC heap before
{Heap before GC invocations=3 (full 0):
 garbage-first heap   total reserved 4718592K, committed 299008K, used 212821K [0x00000006e0000000, 0x0000000800000000)
  region size 4096K, 28 young (114688K), 2 survivors (8192K)
 Metaspace       used 8240K, committed 8448K, reserved 1114112K
  class space    used 685K, committed 768K, reserved 1048576K
}
Event: 1663.036 GC heap after
{Heap after GC invocations=4 (full 0):
 garbage-first heap   total reserved 4718592K, committed 299008K, used 103343K [0x00000006e0000000, 0x0000000800000000)
  region size 4096K, 1 young (4096K), 1 survivors (4096K)
 Metaspace       used 8240K, committed 8448K, reserved 1114112K
  class space    used 685K, committed 768K, reserved 1048576K
}
Event: 2626.447 GC heap before
{Heap before GC invocations=4 (full 0):
 garbage-first heap   total reserved 4718592K, committed 299008K, used 218031K [0x00000006e0000000, 0x0000000800000000)
  region size 4096K, 29 young (118784K), 1 survivors (4096K)
 Metaspace       used 8240K, committed 8448K, reserved 1114112K
  class space    used 685K, committed 768K, reserved 1048576K
}
Event: 2626.458 GC heap after
{Heap after GC invocations=5 (full 0):
 garbage-first heap   total reserved 4718592K, committed 299008K, used 106260K [0x00000006e0000000, 0x0000000800000000)
  region size 4096K, 2 young (8192K), 2 survivors (8192K)
 Metaspace       used 8240K, committed 8448K, reserved 1114112K
  class space    used 685K, committed 768K, reserved 1048576K
}
Event: 3660.433 GC heap before
{Heap before GC invocations=5 (full 0):
 garbage-first heap   total reserved 4718592K, committed 299008K, used 229140K [0x00000006e0000000, 0x0000000800000000)
  region size 4096K, 32 young (131072K), 2 survivors (8192K)
 Metaspace       used 8240K, committed 8448K, reserved 1114112K
  class space    used 685K, committed 768K, reserved 1048576K
}
Event: 3660.446 GC heap after
{Heap after GC invocations=6 (full 0):
 garbage-first heap   total reserved 4718592K, committed 299008K, used 102951K [0x00000006e0000000, 0x0000000800000000)
  region size 4096K, 1 young (4096K), 1 survivors (4096K)
 Metaspace       used 8240K, committed 8448K, reserved 1114112K
  class space    used 685K, committed 768K, reserved 1048576K
}
Event: 4745.485 GC heap before
{Heap before GC invocations=6 (full 0):
 garbage-first heap   total reserved 4718592K, committed 299008K, used 234023K [0x00000006e0000000, 0x0000000800000000)
  region size 4096K, 33 young (135168K), 1 survivors (4096K)
 Metaspace       used 8240K, committed 8448K, reserved 1114112K
  class space    used 685K, committed 768K, reserved 1048576K
}
Event: 4745.496 GC heap after
{Heap after GC invocations=7 (full 0):
 garbage-first heap   total reserved 4718592K, committed 299008K, used 102940K [0x00000006e0000000, 0x0000000800000000)
  region size 4096K, 1 young (4096K), 1 survivors (4096K)
 Metaspace       used 8240K, committed 8448K, reserved 1114112K
  class space    used 685K, committed 768K, reserved 1048576K
}
Event: 5864.453 GC heap before
{Heap before GC invocations=7 (full 0):
 garbage-first heap   total reserved 4718592K, committed 299008K, used 238108K [0x00000006e0000000, 0x0000000800000000)
  region size 4096K, 34 young (139264K), 1 survivors (4096K)
 Metaspace       used 8240K, committed 8448K, reserved 1114112K
  class space    used 685K, committed 768K, reserved 1048576K
}
Event: 5864.467 GC heap after
{Heap after GC invocations=8 (full 0):
 garbage-first heap   total reserved 4718592K, committed 299008K, used 106406K [0x00000006e0000000, 0x0000000800000000)
  region size 4096K, 2 young (8192K), 2 survivors (8192K)
 Metaspace       used 8240K, committed 8448K, reserved 1114112K
  class space    used 685K, committed 768K, reserved 1048576K
}
Event: 7025.357 GC heap before
{Heap before GC invocations=8 (full 0):
 garbage-first heap   total reserved 4718592K, committed 299008K, used 245670K [0x00000006e0000000, 0x0000000800000000)
  region size 4096K, 36 young (147456K), 2 survivors (8192K)
 Metaspace       used 8240K, committed 8448K, reserved 1114112K
  class space    used 685K, committed 768K, reserved 1048576K
}
Event: 7025.365 GC heap after
{Heap after GC invocations=9 (full 0):
 garbage-first heap   total reserved 4718592K, committed 299008K, used 102831K [0x00000006e0000000, 0x0000000800000000)
  region size 4096K, 1 young (4096K), 1 survivors (4096K)
 Metaspace       used 8240K, committed 8448K, reserved 1114112K
  class space    used 685K, committed 768K, reserved 1048576K
}

